<?xml version="1.0" encoding="UTF-8"?>
<testsuite xmlns:xsi="http://www.w3.org/2001/XMLSchema-instance" xsi:noNamespaceSchemaLocation="https://maven.apache.org/surefire/maven-surefire-plugin/xsd/surefire-test-report.xsd" name="TestSuite" time="47.929" tests="6" errors="0" skipped="2" failures="3">
  <properties>
    <property name="sun.desktop" value="windows"/>
    <property name="awt.toolkit" value="sun.awt.windows.WToolkit"/>
    <property name="java.specification.version" value="11"/>
    <property name="sun.cpu.isalist" value="amd64"/>
    <property name="sun.jnu.encoding" value="Cp1252"/>
    <property name="java.class.path" value="C:\xampp\htdocs\Hybrid_Framework_Oct19\target\test-classes;C:\xampp\htdocs\Hybrid_Framework_Oct19\target\classes;C:\Users\info\.m2\repository\org\apache\poi\poi\3.6\poi-3.6.jar;C:\Users\info\.m2\repository\commons-logging\commons-logging\1.1\commons-logging-1.1.jar;C:\Users\info\.m2\repository\logkit\logkit\1.0.1\logkit-1.0.1.jar;C:\Users\info\.m2\repository\avalon-framework\avalon-framework\4.1.3\avalon-framework-4.1.3.jar;C:\Users\info\.m2\repository\javax\servlet\servlet-api\2.3\servlet-api-2.3.jar;C:\Users\info\.m2\repository\log4j\log4j\1.2.13\log4j-1.2.13.jar;C:\Users\info\.m2\repository\org\apache\poi\poi-ooxml\3.6\poi-ooxml-3.6.jar;C:\Users\info\.m2\repository\org\apache\poi\poi-ooxml-schemas\3.6\poi-ooxml-schemas-3.6.jar;C:\Users\info\.m2\repository\org\apache\geronimo\specs\geronimo-stax-api_1.0_spec\1.0\geronimo-stax-api_1.0_spec-1.0.jar;C:\Users\info\.m2\repository\dom4j\dom4j\1.1\dom4j-1.1.jar;C:\Users\info\.m2\repository\org\apache\xmlbeans\xmlbeans\2.3.0\xmlbeans-2.3.0.jar;C:\Users\info\.m2\repository\stax\stax-api\1.0.1\stax-api-1.0.1.jar;C:\Users\info\.m2\repository\org\seleniumhq\selenium\selenium-java\3.141.59\selenium-java-3.141.59.jar;C:\Users\info\.m2\repository\org\seleniumhq\selenium\selenium-api\3.141.59\selenium-api-3.141.59.jar;C:\Users\info\.m2\repository\org\seleniumhq\selenium\selenium-chrome-driver\3.141.59\selenium-chrome-driver-3.141.59.jar;C:\Users\info\.m2\repository\org\seleniumhq\selenium\selenium-edge-driver\3.141.59\selenium-edge-driver-3.141.59.jar;C:\Users\info\.m2\repository\org\seleniumhq\selenium\selenium-firefox-driver\3.141.59\selenium-firefox-driver-3.141.59.jar;C:\Users\info\.m2\repository\org\seleniumhq\selenium\selenium-ie-driver\3.141.59\selenium-ie-driver-3.141.59.jar;C:\Users\info\.m2\repository\org\seleniumhq\selenium\selenium-opera-driver\3.141.59\selenium-opera-driver-3.141.59.jar;C:\Users\info\.m2\repository\org\seleniumhq\selenium\selenium-remote-driver\3.141.59\selenium-remote-driver-3.141.59.jar;C:\Users\info\.m2\repository\org\seleniumhq\selenium\selenium-safari-driver\3.141.59\selenium-safari-driver-3.141.59.jar;C:\Users\info\.m2\repository\org\seleniumhq\selenium\selenium-support\3.141.59\selenium-support-3.141.59.jar;C:\Users\info\.m2\repository\net\bytebuddy\byte-buddy\1.8.15\byte-buddy-1.8.15.jar;C:\Users\info\.m2\repository\org\apache\commons\commons-exec\1.3\commons-exec-1.3.jar;C:\Users\info\.m2\repository\com\squareup\okhttp3\okhttp\3.11.0\okhttp-3.11.0.jar;C:\Users\info\.m2\repository\com\squareup\okio\okio\1.14.0\okio-1.14.0.jar;C:\Users\info\.m2\repository\com\aventstack\extentreports\3.1.2\extentreports-3.1.2.jar;C:\Users\info\.m2\repository\org\freemarker\freemarker\2.3.23\freemarker-2.3.23.jar;C:\Users\info\.m2\repository\org\mongodb\mongodb-driver\3.3.0\mongodb-driver-3.3.0.jar;C:\Users\info\.m2\repository\org\mongodb\bson\3.3.0\bson-3.3.0.jar;C:\Users\info\.m2\repository\org\mongodb\mongodb-driver-core\3.3.0\mongodb-driver-core-3.3.0.jar;C:\Users\info\.m2\repository\org\apache\httpcomponents\httpmime\4.5.2\httpmime-4.5.2.jar;C:\Users\info\.m2\repository\org\jsoup\jsoup\1.9.2\jsoup-1.9.2.jar;C:\Users\info\.m2\repository\org\testng\testng\6.10\testng-6.10.jar;C:\Users\info\.m2\repository\com\beust\jcommander\1.48\jcommander-1.48.jar;C:\Users\info\.m2\repository\com\google\code\gson\gson\2.8.1\gson-2.8.1.jar;C:\Users\info\.m2\repository\org\apache\httpcomponents\httpclient\4.3.3\httpclient-4.3.3.jar;C:\Users\info\.m2\repository\org\apache\httpcomponents\httpcore\4.3.2\httpcore-4.3.2.jar;C:\Users\info\.m2\repository\commons-codec\commons-codec\1.6\commons-codec-1.6.jar;C:\Users\info\.m2\repository\com\google\guava\guava\23.0\guava-23.0.jar;C:\Users\info\.m2\repository\com\google\code\findbugs\jsr305\1.3.9\jsr305-1.3.9.jar;C:\Users\info\.m2\repository\com\google\errorprone\error_prone_annotations\2.0.18\error_prone_annotations-2.0.18.jar;C:\Users\info\.m2\repository\com\google\j2objc\j2objc-annotations\1.1\j2objc-annotations-1.1.jar;C:\Users\info\.m2\repository\org\codehaus\mojo\animal-sniffer-annotations\1.14\animal-sniffer-annotations-1.14.jar;C:\Users\info\.m2\repository\cglib\cglib\3.1\cglib-3.1.jar;C:\Users\info\.m2\repository\org\ow2\asm\asm\4.2\asm-4.2.jar;C:\Users\info\.m2\repository\commons-validator\commons-validator\1.4.1\commons-validator-1.4.1.jar;C:\Users\info\.m2\repository\commons-beanutils\commons-beanutils\1.8.3\commons-beanutils-1.8.3.jar;C:\Users\info\.m2\repository\commons-digester\commons-digester\1.8.1\commons-digester-1.8.1.jar;C:\Users\info\.m2\repository\commons-collections\commons-collections\3.2.1\commons-collections-3.2.1.jar;C:\Users\info\.m2\repository\javax\mail\mail\1.4\mail-1.4.jar;C:\Users\info\.m2\repository\javax\activation\activation\1.1\activation-1.1.jar;C:\Users\info\.m2\repository\commons-io\commons-io\1.3.2\commons-io-1.3.2.jar;C:\Users\info\.m2\repository\org\apache\maven\surefire\surefire-testng-utils\2.22.0\surefire-testng-utils-2.22.0.jar;C:\Users\info\.m2\repository\org\apache\maven\surefire\surefire-grouper\2.22.0\surefire-grouper-2.22.0.jar;"/>
    <property name="java.vm.vendor" value="Oracle Corporation"/>
    <property name="sun.arch.data.model" value="64"/>
    <property name="user.variant" value=""/>
    <property name="java.vendor.url" value="http://java.oracle.com/"/>
    <property name="user.timezone" value="Asia/Calcutta"/>
    <property name="java.vm.specification.version" value="11"/>
    <property name="os.name" value="Windows 10"/>
    <property name="sun.java.launcher" value="SUN_STANDARD"/>
    <property name="user.country" value="IN"/>
    <property name="sun.boot.library.path" value="C:\Program Files\Java\jdk-11.0.5\bin"/>
    <property name="sun.java.command" value="C:\Users\info\AppData\Local\Temp\surefire4414686469831384262\surefirebooter5375030895430319473.jar C:\Users\info\AppData\Local\Temp\surefire4414686469831384262 2019-12-02T09-51-10_531-jvmRun1 surefire16431536043747908495tmp surefire_09645301427324767758tmp"/>
    <property name="jdk.debug" value="release"/>
    <property name="surefire.test.class.path" value="C:\xampp\htdocs\Hybrid_Framework_Oct19\target\test-classes;C:\xampp\htdocs\Hybrid_Framework_Oct19\target\classes;C:\Users\info\.m2\repository\org\apache\poi\poi\3.6\poi-3.6.jar;C:\Users\info\.m2\repository\commons-logging\commons-logging\1.1\commons-logging-1.1.jar;C:\Users\info\.m2\repository\logkit\logkit\1.0.1\logkit-1.0.1.jar;C:\Users\info\.m2\repository\avalon-framework\avalon-framework\4.1.3\avalon-framework-4.1.3.jar;C:\Users\info\.m2\repository\javax\servlet\servlet-api\2.3\servlet-api-2.3.jar;C:\Users\info\.m2\repository\log4j\log4j\1.2.13\log4j-1.2.13.jar;C:\Users\info\.m2\repository\org\apache\poi\poi-ooxml\3.6\poi-ooxml-3.6.jar;C:\Users\info\.m2\repository\org\apache\poi\poi-ooxml-schemas\3.6\poi-ooxml-schemas-3.6.jar;C:\Users\info\.m2\repository\org\apache\geronimo\specs\geronimo-stax-api_1.0_spec\1.0\geronimo-stax-api_1.0_spec-1.0.jar;C:\Users\info\.m2\repository\dom4j\dom4j\1.1\dom4j-1.1.jar;C:\Users\info\.m2\repository\org\apache\xmlbeans\xmlbeans\2.3.0\xmlbeans-2.3.0.jar;C:\Users\info\.m2\repository\stax\stax-api\1.0.1\stax-api-1.0.1.jar;C:\Users\info\.m2\repository\org\seleniumhq\selenium\selenium-java\3.141.59\selenium-java-3.141.59.jar;C:\Users\info\.m2\repository\org\seleniumhq\selenium\selenium-api\3.141.59\selenium-api-3.141.59.jar;C:\Users\info\.m2\repository\org\seleniumhq\selenium\selenium-chrome-driver\3.141.59\selenium-chrome-driver-3.141.59.jar;C:\Users\info\.m2\repository\org\seleniumhq\selenium\selenium-edge-driver\3.141.59\selenium-edge-driver-3.141.59.jar;C:\Users\info\.m2\repository\org\seleniumhq\selenium\selenium-firefox-driver\3.141.59\selenium-firefox-driver-3.141.59.jar;C:\Users\info\.m2\repository\org\seleniumhq\selenium\selenium-ie-driver\3.141.59\selenium-ie-driver-3.141.59.jar;C:\Users\info\.m2\repository\org\seleniumhq\selenium\selenium-opera-driver\3.141.59\selenium-opera-driver-3.141.59.jar;C:\Users\info\.m2\repository\org\seleniumhq\selenium\selenium-remote-driver\3.141.59\selenium-remote-driver-3.141.59.jar;C:\Users\info\.m2\repository\org\seleniumhq\selenium\selenium-safari-driver\3.141.59\selenium-safari-driver-3.141.59.jar;C:\Users\info\.m2\repository\org\seleniumhq\selenium\selenium-support\3.141.59\selenium-support-3.141.59.jar;C:\Users\info\.m2\repository\net\bytebuddy\byte-buddy\1.8.15\byte-buddy-1.8.15.jar;C:\Users\info\.m2\repository\org\apache\commons\commons-exec\1.3\commons-exec-1.3.jar;C:\Users\info\.m2\repository\com\squareup\okhttp3\okhttp\3.11.0\okhttp-3.11.0.jar;C:\Users\info\.m2\repository\com\squareup\okio\okio\1.14.0\okio-1.14.0.jar;C:\Users\info\.m2\repository\com\aventstack\extentreports\3.1.2\extentreports-3.1.2.jar;C:\Users\info\.m2\repository\org\freemarker\freemarker\2.3.23\freemarker-2.3.23.jar;C:\Users\info\.m2\repository\org\mongodb\mongodb-driver\3.3.0\mongodb-driver-3.3.0.jar;C:\Users\info\.m2\repository\org\mongodb\bson\3.3.0\bson-3.3.0.jar;C:\Users\info\.m2\repository\org\mongodb\mongodb-driver-core\3.3.0\mongodb-driver-core-3.3.0.jar;C:\Users\info\.m2\repository\org\apache\httpcomponents\httpmime\4.5.2\httpmime-4.5.2.jar;C:\Users\info\.m2\repository\org\jsoup\jsoup\1.9.2\jsoup-1.9.2.jar;C:\Users\info\.m2\repository\org\testng\testng\6.10\testng-6.10.jar;C:\Users\info\.m2\repository\com\beust\jcommander\1.48\jcommander-1.48.jar;C:\Users\info\.m2\repository\com\google\code\gson\gson\2.8.1\gson-2.8.1.jar;C:\Users\info\.m2\repository\org\apache\httpcomponents\httpclient\4.3.3\httpclient-4.3.3.jar;C:\Users\info\.m2\repository\org\apache\httpcomponents\httpcore\4.3.2\httpcore-4.3.2.jar;C:\Users\info\.m2\repository\commons-codec\commons-codec\1.6\commons-codec-1.6.jar;C:\Users\info\.m2\repository\com\google\guava\guava\23.0\guava-23.0.jar;C:\Users\info\.m2\repository\com\google\code\findbugs\jsr305\1.3.9\jsr305-1.3.9.jar;C:\Users\info\.m2\repository\com\google\errorprone\error_prone_annotations\2.0.18\error_prone_annotations-2.0.18.jar;C:\Users\info\.m2\repository\com\google\j2objc\j2objc-annotations\1.1\j2objc-annotations-1.1.jar;C:\Users\info\.m2\repository\org\codehaus\mojo\animal-sniffer-annotations\1.14\animal-sniffer-annotations-1.14.jar;C:\Users\info\.m2\repository\cglib\cglib\3.1\cglib-3.1.jar;C:\Users\info\.m2\repository\org\ow2\asm\asm\4.2\asm-4.2.jar;C:\Users\info\.m2\repository\commons-validator\commons-validator\1.4.1\commons-validator-1.4.1.jar;C:\Users\info\.m2\repository\commons-beanutils\commons-beanutils\1.8.3\commons-beanutils-1.8.3.jar;C:\Users\info\.m2\repository\commons-digester\commons-digester\1.8.1\commons-digester-1.8.1.jar;C:\Users\info\.m2\repository\commons-collections\commons-collections\3.2.1\commons-collections-3.2.1.jar;C:\Users\info\.m2\repository\javax\mail\mail\1.4\mail-1.4.jar;C:\Users\info\.m2\repository\javax\activation\activation\1.1\activation-1.1.jar;C:\Users\info\.m2\repository\commons-io\commons-io\1.3.2\commons-io-1.3.2.jar;C:\Users\info\.m2\repository\org\apache\maven\surefire\surefire-testng-utils\2.22.0\surefire-testng-utils-2.22.0.jar;C:\Users\info\.m2\repository\org\apache\maven\surefire\surefire-grouper\2.22.0\surefire-grouper-2.22.0.jar;"/>
    <property name="sun.cpu.endian" value="little"/>
    <property name="user.home" value="C:\Users\info"/>
    <property name="user.language" value="en"/>
    <property name="java.specification.vendor" value="Oracle Corporation"/>
    <property name="java.version.date" value="2019-10-15"/>
    <property name="java.home" value="C:\Program Files\Java\jdk-11.0.5"/>
    <property name="file.separator" value="\"/>
    <property name="basedir" value="C:\xampp\htdocs\Hybrid_Framework_Oct19"/>
    <property name="java.vm.compressedOopsMode" value="32-bit"/>
    <property name="line.separator" value="&#10;"/>
    <property name="java.specification.name" value="Java Platform API Specification"/>
    <property name="java.vm.specification.vendor" value="Oracle Corporation"/>
    <property name="java.awt.graphicsenv" value="sun.awt.Win32GraphicsEnvironment"/>
    <property name="surefire.real.class.path" value="C:\Users\info\AppData\Local\Temp\surefire4414686469831384262\surefirebooter5375030895430319473.jar"/>
    <property name="user.script" value=""/>
    <property name="sun.management.compiler" value="HotSpot 64-Bit Tiered Compilers"/>
    <property name="java.runtime.version" value="11.0.5+10-LTS"/>
    <property name="user.name" value="info"/>
    <property name="path.separator" value=";"/>
    <property name="os.version" value="10.0"/>
    <property name="java.runtime.name" value="Java(TM) SE Runtime Environment"/>
    <property name="file.encoding" value="Cp1252"/>
    <property name="java.vm.name" value="Java HotSpot(TM) 64-Bit Server VM"/>
    <property name="java.vendor.version" value="18.9"/>
    <property name="localRepository" value="C:\Users\info\.m2\repository"/>
    <property name="java.vendor.url.bug" value="http://bugreport.java.com/bugreport/"/>
    <property name="java.io.tmpdir" value="C:\Users\info\AppData\Local\Temp\"/>
    <property name="java.version" value="11.0.5"/>
    <property name="user.dir" value="C:\xampp\htdocs\Hybrid_Framework_Oct19"/>
    <property name="os.arch" value="amd64"/>
    <property name="java.vm.specification.name" value="Java Virtual Machine Specification"/>
    <property name="java.awt.printerjob" value="sun.awt.windows.WPrinterJob"/>
    <property name="sun.os.patch.level" value=""/>
    <property name="java.library.path" value="C:\Program Files\Java\jdk-11.0.5\bin;C:\Windows\Sun\Java\bin;C:\Windows\system32;C:\Windows;C:\Windows\system32;C:\Windows;C:\Windows\System32\Wbem;C:\Windows\System32\WindowsPowerShell\v1.0\;C:\Windows\System32\OpenSSH\;C:\Program Files\Intel\WiFi\bin\;C:\Program Files\Common Files\Intel\WirelessCommon\;C:\Program Files\Java\jdk1.8.0_05\bin;D:\Common\drivers\;D:\Common\Softwares\My Softwares1\apache-maven-3.6.2\bin;C:\Program Files\Java\jdk-11.0.5\bin;C:\Users\info\AppData\Local\Microsoft\WindowsApps;C:\Program Files\Intel\WiFi\bin\;C:\Program Files\Common Files\Intel\WirelessCommon\;."/>
    <property name="java.vendor" value="Oracle Corporation"/>
    <property name="java.vm.info" value="mixed mode"/>
    <property name="java.vm.version" value="11.0.5+10-LTS"/>
    <property name="sun.io.unicode.encoding" value="UnicodeLittle"/>
    <property name="java.class.version" value="55.0"/>
  </properties>
  <testcase name="doLogin" classname="com.qtpselenium.rediff.testcases.LoginTest" time="0">
    <skipped message="Skipping the test as Runmode is N"/>
    <system-out><![CDATA[--------
--------
--------
--------
--------
]]></system-out>
  </testcase>
  <testcase name="doLogin" classname="com.qtpselenium.rediff.testcases.LoginTest" time="14.364"/>
  <testcase name="doLogin" classname="com.qtpselenium.rediff.testcases.LoginTest" time="0">
    <skipped message="Skipping the test as Runmode is N"/>
    <system-err><![CDATA[[1575260498.776][WARNING]: Timed out connecting to Chrome, retrying...
]]></system-err>
  </testcase>
  <testcase name="doLogin" classname="com.qtpselenium.rediff.testcases.CreatePortfolioTest" time="13.682">
    <failure message="session not created&#10;from chrome not reachable&#10;  (Session info: chrome=78.0.3904.108)&#10;Build info: version: &apos;3.141.59&apos;, revision: &apos;e82be7d358&apos;, time: &apos;2018-11-14T08:17:03&apos;&#10;System info: host: &apos;DESKTOP-RTOOT5Q&apos;, ip: &apos;192.168.100.118&apos;, os.name: &apos;Windows 10&apos;, os.arch: &apos;amd64&apos;, os.version: &apos;10.0&apos;, java.version: &apos;11.0.5&apos;&#10;Driver info: driver.version: ChromeDriver&#10;remote stacktrace: Backtrace:&#10;	Ordinal0 [0x0092A903+1550595]&#10;	Ordinal0 [0x008AA701+1025793]&#10;	Ordinal0 [0x0082C58E+509326]&#10;	Ordinal0 [0x008262C2+484034]&#10;	Ordinal0 [0x00826D8D+486797]&#10;	Ordinal0 [0x00827B05+490245]&#10;	Ordinal0 [0x00823A85+473733]&#10;	Ordinal0 [0x0082D330+512816]&#10;	Ordinal0 [0x007DB649+177737]&#10;	Ordinal0 [0x007DA8ED+174317]&#10;	Ordinal0 [0x007D8CDB+167131]&#10;	Ordinal0 [0x007C144A+70730]&#10;	Ordinal0 [0x007C24D0+74960]&#10;	Ordinal0 [0x007C2469+74857]&#10;	Ordinal0 [0x008C42C7+1131207]&#10;	GetHandleVerifier [0x009C70FD+523789]&#10;	GetHandleVerifier [0x009C6E90+523168]&#10;	GetHandleVerifier [0x009CE1E7+552695]&#10;	GetHandleVerifier [0x009C78FA+525834]&#10;	Ordinal0 [0x008BB7FC+1095676]&#10;	Ordinal0 [0x008C633B+1139515]&#10;	Ordinal0 [0x008C64A3+1139875]&#10;	Ordinal0 [0x008C5425+1135653]&#10;	BaseThreadInitThunk [0x75EF6359+25]&#10;	RtlGetAppContainerNamedObjectPath [0x77DD7B74+228]&#10;	RtlGetAppContainerNamedObjectPath [0x77DD7B44+180]&#10;" type="org.openqa.selenium.SessionNotCreatedException">org.openqa.selenium.SessionNotCreatedException: 
session not created
from chrome not reachable
  (Session info: chrome=78.0.3904.108)
Build info: version: '3.141.59', revision: 'e82be7d358', time: '2018-11-14T08:17:03'
System info: host: 'DESKTOP-RTOOT5Q', ip: '192.168.100.118', os.name: 'Windows 10', os.arch: 'amd64', os.version: '10.0', java.version: '11.0.5'
Driver info: driver.version: ChromeDriver
remote stacktrace: Backtrace:
	Ordinal0 [0x0092A903+1550595]
	Ordinal0 [0x008AA701+1025793]
	Ordinal0 [0x0082C58E+509326]
	Ordinal0 [0x008262C2+484034]
	Ordinal0 [0x00826D8D+486797]
	Ordinal0 [0x00827B05+490245]
	Ordinal0 [0x00823A85+473733]
	Ordinal0 [0x0082D330+512816]
	Ordinal0 [0x007DB649+177737]
	Ordinal0 [0x007DA8ED+174317]
	Ordinal0 [0x007D8CDB+167131]
	Ordinal0 [0x007C144A+70730]
	Ordinal0 [0x007C24D0+74960]
	Ordinal0 [0x007C2469+74857]
	Ordinal0 [0x008C42C7+1131207]
	GetHandleVerifier [0x009C70FD+523789]
	GetHandleVerifier [0x009C6E90+523168]
	GetHandleVerifier [0x009CE1E7+552695]
	GetHandleVerifier [0x009C78FA+525834]
	Ordinal0 [0x008BB7FC+1095676]
	Ordinal0 [0x008C633B+1139515]
	Ordinal0 [0x008C64A3+1139875]
	Ordinal0 [0x008C5425+1135653]
	BaseThreadInitThunk [0x75EF6359+25]
	RtlGetAppContainerNamedObjectPath [0x77DD7B74+228]
	RtlGetAppContainerNamedObjectPath [0x77DD7B44+180]

	at com.qtpselenium.rediff.testcases.CreatePortfolioTest.doLogin(CreatePortfolioTest.java:38)
</failure>
    <system-out><![CDATA[Total Rows 25
Total Rows 25
Total Rows 25
Inside constructor
Inside constructor
Inside constructor
DeletePortfolioTest -- openBrowser --  -- Chrome
CreatePortfolioTest -- openBrowser --  -- Chrome
LoginTest -- openBrowser --  -- Chrome
LoginTest -- navigate -- url -- null
DeletePortfolioTest -- navigate -- url -- null
LoginTest -- verifyTitle -- homePageTitle -- null
DeletePortfolioTest -- verifyTitle -- homePageTitle -- null
LoginTest -- type -- username_textfield_xpath -- ashishthakur1983
DeletePortfolioTest -- login --  -- null
LoginTest -- click -- username_submit_button_css -- null
LoginTest -- type -- password_textfield_id -- pass@1234
]]></system-out>
    <system-err><![CDATA[log4j:WARN No appenders could be found for logger (freemarker.cache).
log4j:WARN Please initialize the log4j system properly.
Starting ChromeDriver 78.0.3904.70 (edb9c9f3de0247fd912a77b7f6cae7447f6d3ad5-refs/branch-heads/3904@{#800}) on port 3377
Only local connections are allowed.
Please protect ports used by ChromeDriver and related test frameworks to prevent access by malicious code.
Starting ChromeDriver 78.0.3904.70 (edb9c9f3de0247fd912a77b7f6cae7447f6d3ad5-refs/branch-heads/3904@{#800}) on port 4694
Only local connections are allowed.
Please protect ports used by ChromeDriver and related test frameworks to prevent access by malicious code.
Starting ChromeDriver 78.0.3904.70 (edb9c9f3de0247fd912a77b7f6cae7447f6d3ad5-refs/branch-heads/3904@{#800}) on port 6837
Only local connections are allowed.
Please protect ports used by ChromeDriver and related test frameworks to prevent access by malicious code.
[1575260491.056][WARNING]: Timed out connecting to Chrome, retrying...
[1575260491.066][WARNING]: Timed out connecting to Chrome, retrying...
[1575260491.066][WARNING]: Timed out connecting to Chrome, retrying...
Dec 02, 2019 9:51:33 AM org.openqa.selenium.remote.ProtocolHandshake createSession
INFO: Detected dialect: W3C
Dec 02, 2019 9:51:33 AM org.openqa.selenium.remote.ProtocolHandshake createSession
INFO: Detected dialect: W3C
]]></system-err>
  </testcase>
  <testcase name="quit" classname="com.qtpselenium.rediff.testcases.CreatePortfolioTest" time="13.85">
    <failure type="java.lang.NullPointerException">java.lang.NullPointerException
</failure>
  </testcase>
  <testcase name="deletePortFolio" classname="com.qtpselenium.rediff.testcases.DeletePortfolioTest" time="25.766">
    <failure message="chrome not reachable&#10;  (Session info: chrome=78.0.3904.108)&#10;Build info: version: &apos;3.141.59&apos;, revision: &apos;e82be7d358&apos;, time: &apos;2018-11-14T08:17:03&apos;&#10;System info: host: &apos;DESKTOP-RTOOT5Q&apos;, ip: &apos;192.168.100.118&apos;, os.name: &apos;Windows 10&apos;, os.arch: &apos;amd64&apos;, os.version: &apos;10.0&apos;, java.version: &apos;11.0.5&apos;&#10;Driver info: org.openqa.selenium.chrome.ChromeDriver&#10;Capabilities {acceptInsecureCerts: false, browserName: chrome, browserVersion: 78.0.3904.108, chrome: {chromedriverVersion: 78.0.3904.70 (edb9c9f3de024..., userDataDir: C:\Users\info\AppData\Local...}, goog:chromeOptions: {debuggerAddress: localhost:50363}, javascriptEnabled: true, networkConnectionEnabled: false, pageLoadStrategy: normal, platform: XP, platformName: XP, proxy: Proxy(), setWindowRect: true, strictFileInteractability: false, timeouts: {implicit: 0, pageLoad: 300000, script: 30000}, unhandledPromptBehavior: dismiss and notify}&#10;Session ID: 00bc819eca1d3830adcd74cd1602485c" type="org.openqa.selenium.WebDriverException">org.openqa.selenium.WebDriverException: 
chrome not reachable
  (Session info: chrome=78.0.3904.108)
Build info: version: '3.141.59', revision: 'e82be7d358', time: '2018-11-14T08:17:03'
System info: host: 'DESKTOP-RTOOT5Q', ip: '192.168.100.118', os.name: 'Windows 10', os.arch: 'amd64', os.version: '10.0', java.version: '11.0.5'
Driver info: org.openqa.selenium.chrome.ChromeDriver
Capabilities {acceptInsecureCerts: false, browserName: chrome, browserVersion: 78.0.3904.108, chrome: {chromedriverVersion: 78.0.3904.70 (edb9c9f3de024..., userDataDir: C:\Users\info\AppData\Local...}, goog:chromeOptions: {debuggerAddress: localhost:50363}, javascriptEnabled: true, networkConnectionEnabled: false, pageLoadStrategy: normal, platform: XP, platformName: XP, proxy: Proxy(), setWindowRect: true, strictFileInteractability: false, timeouts: {implicit: 0, pageLoad: 300000, script: 30000}, unhandledPromptBehavior: dismiss and notify}
Session ID: 00bc819eca1d3830adcd74cd1602485c
	at com.qtpselenium.rediff.testcases.DeletePortfolioTest.deletePortFolio(DeletePortfolioTest.java:35)
</failure>
    <system-err><![CDATA[[1575260502.777][WARNING]: Timed out connecting to Chrome, retrying...
[1575260512.854][WARNING]: Timed out connecting to Chrome, retrying...
[1575260516.854][WARNING]: Timed out connecting to Chrome, retrying...
]]></system-err>
  </testcase>
</testsuite>