<?xml version="1.0" encoding="UTF-8"?>
<!-- Generated by org.testng.reporters.JUnitReportReporter -->
<testsuite ignored="0" hostname="DESKTOP-RTOOT5Q" failures="0" tests="3" name="com.qtpselenium.rediff.testcases.LoginTest" time="16.310" errors="0" timestamp="02 Dec 2019 04:22:06 GMT" skipped="2">
  <testcase classname="com.qtpselenium.rediff.testcases.LoginTest" name="doLogin" time="0.519">
    <skipped/>
  </testcase> <!-- doLogin -->
  <testcase classname="com.qtpselenium.rediff.testcases.LoginTest" name="doLogin" time="14.907"/>
  <testcase classname="com.qtpselenium.rediff.testcases.LoginTest" name="doLogin" time="0.884">
    <skipped/>
  </testcase> <!-- doLogin -->
</testsuite> <!-- com.qtpselenium.rediff.testcases.LoginTest -->
