<?xml version="1.0" encoding="UTF-8"?>
<!-- Generated by org.testng.reporters.JUnitReportReporter -->
<testsuite hostname="DESKTOP-RTOOT5Q" failures="0" tests="1" name="com.qtpselenium.rediff.testcases.CreatePortfolioTest" time="57.617" errors="0" timestamp="2019-12-01T09:57:49 IST" skipped="0">
  <testcase classname="com.qtpselenium.rediff.testcases.CreatePortfolioTest" name="doLogin" time="57.617"/>
</testsuite> <!-- com.qtpselenium.rediff.testcases.CreatePortfolioTest -->
