<?xml version="1.0" encoding="UTF-8"?>
<!-- Generated by org.testng.reporters.JUnitReportReporter -->
<testsuite skipped="2" hostname="DESKTOP-RTOOT5Q" name="com.qtpselenium.rediff.testcases.LoginTest" tests="3" failures="0" timestamp="2019-11-28T08:40:46 IST" time="10.937" errors="0">
  <testcase name="doLogin" time="0.148" classname="com.qtpselenium.rediff.testcases.LoginTest">
    <skipped/>
  </testcase> <!-- doLogin -->
  <testcase name="doLogin" time="0.429" classname="com.qtpselenium.rediff.testcases.LoginTest">
    <skipped/>
  </testcase> <!-- doLogin -->
  <testcase name="doLogin" time="10.360" classname="com.qtpselenium.rediff.testcases.LoginTest"/>
</testsuite> <!-- com.qtpselenium.rediff.testcases.LoginTest -->
